# JRE version: Java(TM) SE Runtime Environment (13.0.2+8) (build 13.0.2+8)
# Java VM: Java HotSpot(TM) 64-Bit Server VM (13.0.2+8, mixed mode, sharing, tiered, compressed oops, g1 gc, windows-amd64)
Heap:
 garbage-first heap   total 51200K, used 13538K [0x0000000081000000, 0x0000000100000000)
  region size 1024K, 1 young (1024K), 0 survivors (0K)
 Metaspace       used 29241K, capacity 30485K, committed 30640K, reserved 1075200K
  class space    used 4024K, capacity 4519K, committed 4608K, reserved 1048576K
GC Heap History (20 events):
Event: 0.883 GC heap before
{Heap before GC invocations=1 (full 0):
 garbage-first heap   total 131072K, used 17479K [0x0000000081000000, 0x0000000100000000)
  region size 1024K, 14 young (14336K), 2 survivors (2048K)
 Metaspace       used 7120K, capacity 7469K, committed 7680K, reserved 1056768K
  class space    used 892K, capacity 1015K, committed 1024K, reserved 1048576K
}
Event: 0.887 GC heap after
{Heap after GC invocations=2 (full 0):
 garbage-first heap   total 131072K, used 5941K [0x0000000081000000, 0x0000000100000000)
  region size 1024K, 1 young (1024K), 1 survivors (1024K)
 Metaspace       used 7120K, capacity 7469K, committed 7680K, reserved 1056768K
  class space    used 892K, capacity 1015K, committed 1024K, reserved 1048576K
}
Event: 1.127 GC heap before
{Heap before GC invocations=2 (full 0):
 garbage-first heap   total 131072K, used 26421K [0x0000000081000000, 0x0000000100000000)
  region size 1024K, 21 young (21504K), 1 survivors (1024K)
 Metaspace       used 11056K, capacity 11509K, committed 11648K, reserved 1058816K
  class space    used 1468K, capacity 1649K, committed 1664K, reserved 1048576K
}
Event: 1.134 GC heap after
{Heap after GC invocations=3 (full 0):
 garbage-first heap   total 131072K, used 7093K [0x0000000081000000, 0x0000000100000000)
  region size 1024K, 2 young (2048K), 2 survivors (2048K)
 Metaspace       used 11056K, capacity 11509K, committed 11648K, reserved 1058816K
  class space    used 1468K, capacity 1649K, committed 1664K, reserved 1048576K
}
Event: 1.483 GC heap before
{Heap before GC invocations=3 (full 0):
 garbage-first heap   total 131072K, used 37813K [0x0000000081000000, 0x0000000100000000)
  region size 1024K, 33 young (33792K), 2 survivors (2048K)
 Metaspace       used 16270K, capacity 16803K, committed 17024K, reserved 1064960K
  class space    used 2184K, capacity 2392K, committed 2432K, reserved 1048576K
}
Event: 1.491 GC heap after
{Heap after GC invocations=4 (full 0):
 garbage-first heap   total 131072K, used 8456K [0x0000000081000000, 0x0000000100000000)
  region size 1024K, 3 young (3072K), 3 survivors (3072K)
 Metaspace       used 16270K, capacity 16803K, committed 17024K, reserved 1064960K
  class space    used 2184K, capacity 2392K, committed 2432K, reserved 1048576K
}
Event: 2.229 GC heap before
{Heap before GC invocations=4 (full 0):
 garbage-first heap   total 131072K, used 54536K [0x0000000081000000, 0x0000000100000000)
  region size 1024K, 48 young (49152K), 3 survivors (3072K)
 Metaspace       used 19621K, capacity 20448K, committed 20736K, reserved 1067008K
  class space    used 2699K, capacity 3000K, committed 3072K, reserved 1048576K
}
Event: 2.239 GC heap after
{Heap after GC invocations=5 (full 0):
 garbage-first heap   total 157696K, used 10481K [0x0000000081000000, 0x0000000100000000)
  region size 1024K, 5 young (5120K), 5 survivors (5120K)
 Metaspace       used 19621K, capacity 20448K, committed 20736K, reserved 1067008K
  class space    used 2699K, capacity 3000K, committed 3072K, reserved 1048576K
}
Event: 2.316 GC heap before
{Heap before GC invocations=5 (full 0):
 garbage-first heap   total 157696K, used 15601K [0x0000000081000000, 0x0000000100000000)
  region size 1024K, 11 young (11264K), 5 survivors (5120K)
 Metaspace       used 20327K, capacity 21126K, committed 21296K, reserved 1067008K
  class space    used 2799K, capacity 3097K, committed 3200K, reserved 1048576K
}
Event: 2.328 GC heap after
{Heap after GC invocations=6 (full 0):
 garbage-first heap   total 157696K, used 10930K [0x0000000081000000, 0x0000000100000000)
  region size 1024K, 5 young (5120K), 5 survivors (5120K)
 Metaspace       used 20327K, capacity 21126K, committed 21296K, reserved 1067008K
  class space    used 2799K, capacity 3097K, committed 3200K, reserved 1048576K
}
Event: 2.658 GC heap before
{Heap before GC invocations=7 (full 0):
 garbage-first heap   total 40960K, used 30386K [0x0000000081000000, 0x0000000100000000)
  region size 1024K, 24 young (24576K), 5 survivors (5120K)
 Metaspace       used 23812K, capacity 24821K, committed 25136K, reserved 1071104K
  class space    used 3252K, capacity 3643K, committed 3712K, reserved 1048576K
}
Event: 2.675 GC heap after
{Heap after GC invocations=8 (full 0):
 garbage-first heap   total 40960K, used 12834K [0x0000000081000000, 0x0000000100000000)
  region size 1024K, 3 young (3072K), 3 survivors (3072K)
 Metaspace       used 23812K, capacity 24821K, committed 25136K, reserved 1071104K
  class space    used 3252K, capacity 3643K, committed 3712K, reserved 1048576K
}
Event: 2.849 GC heap before
{Heap before GC invocations=9 (full 0):
 garbage-first heap   total 40960K, used 25122K [0x0000000081000000, 0x0000000100000000)
  region size 1024K, 16 young (16384K), 3 survivors (3072K)
 Metaspace       used 24673K, capacity 25765K, committed 26032K, reserved 1071104K
  class space    used 3353K, capacity 3787K, committed 3840K, reserved 1048576K
}
Event: 2.855 GC heap after
{Heap after GC invocations=10 (full 0):
 garbage-first heap   total 40960K, used 13290K [0x0000000081000000, 0x0000000100000000)
  region size 1024K, 1 young (1024K), 1 survivors (1024K)
 Metaspace       used 24673K, capacity 25765K, committed 26032K, reserved 1071104K
  class space    used 3353K, capacity 3787K, committed 3840K, reserved 1048576K
}
Event: 3.136 GC heap before
{Heap before GC invocations=10 (full 0):
 garbage-first heap   total 40960K, used 27626K [0x0000000081000000, 0x0000000100000000)
  region size 1024K, 15 young (15360K), 1 survivors (1024K)
 Metaspace       used 26455K, capacity 27601K, committed 27824K, reserved 1073152K
  class space    used 3633K, capacity 4094K, committed 4096K, reserved 1048576K
}
Event: 3.143 GC heap after
{Heap after GC invocations=11 (full 0):
 garbage-first heap   total 53248K, used 14125K [0x0000000081000000, 0x0000000100000000)
  region size 1024K, 2 young (2048K), 2 survivors (2048K)
 Metaspace       used 26455K, capacity 27601K, committed 27824K, reserved 1073152K
  class space    used 3633K, capacity 4094K, committed 4096K, reserved 1048576K
}
Event: 3.759 GC heap before
{Heap before GC invocations=11 (full 0):
 garbage-first heap   total 53248K, used 32557K [0x0000000081000000, 0x0000000100000000)
  region size 1024K, 21 young (21504K), 2 survivors (2048K)
 Metaspace       used 28907K, capacity 30121K, committed 30256K, reserved 1075200K
  class space    used 3979K, capacity 4465K, committed 4480K, reserved 1048576K
}
Event: 3.769 GC heap after
{Heap after GC invocations=12 (full 0):
 garbage-first heap   total 53248K, used 15787K [0x0000000081000000, 0x0000000100000000)
  region size 1024K, 3 young (3072K), 3 survivors (3072K)
 Metaspace       used 28907K, capacity 30121K, committed 30256K, reserved 1075200K
  class space    used 3979K, capacity 4465K, committed 4480K, reserved 1048576K
}
Event: 28.330 GC heap before
{Heap before GC invocations=12 (full 0):
 garbage-first heap   total 53248K, used 28075K [0x0000000081000000, 0x0000000100000000)
  region size 1024K, 16 young (16384K), 3 survivors (3072K)
 Metaspace       used 29235K, capacity 30482K, committed 30640K, reserved 1075200K
  class space    used 4023K, capacity 4518K, committed 4608K, reserved 1048576K
}
Event: 28.364 GC heap after
{Heap after GC invocations=13 (full 1):
 garbage-first heap   total 51200K, used 13538K [0x0000000081000000, 0x0000000100000000)
  region size 1024K, 0 young (0K), 0 survivors (0K)
 Metaspace       used 29233K, capacity 30479K, committed 30640K, reserved 1075200K
  class space    used 4022K, capacity 4517K, committed 4608K, reserved 1048576K
}

